Started HTTP and WebSocket JSON-RPC server at http://0.0.0.0:8545/

Accounts
========
Account #0: 0xFE3B557E8Fb62b89F4916B721be55cEb828dBd73 (1000000 ETH)

Account #1: 0x627306090abaB3A6e1400e9345bC60c78a8BEf57 (1000000 ETH)

Account #2: 0xf17f52151EbEF6C7334FAD080c5704D77216b732 (1000000 ETH)

Account #3: 0xC5fdf4076b8F3A5357c5E395ab970B5B54098Fef (1000000 ETH)

Account #4: 0x821aEa9a577a9b44299B9c15c88cf3087F3b5544 (1000000 ETH)

[32meth_chainId[0m
[32meth_chainId (2)[0m
[32mhardhat_metadata[0m
[32mhardhat_metadata (2)[0m
[32mhardhat_metadata (3)[0m
[32mhardhat_metadata (4)[0m
[32mhardhat_metadata (5)[0m
[32meth_getBalance[0m
[32mhardhat_metadata[0m
[32mhardhat_metadata (2)[0m
[32mhardhat_metadata (3)[0m
[32mhardhat_metadata (4)[0m
[32mhardhat_metadata (5)[0m
[32meth_blockNumber[0m
[32meth_getBlockByNumber[0m
[32meth_feeHistory[0m
[32meth_maxPriorityFeePerGas[0m
[32meth_getTransactionCount[0m
[32meth_chainId[0m
[32meth_sendRawTransaction[0m
  Contract deployment: HKSTPIdentityRegistry
  Contract address:    0x42699a7612a82f1d9c36148af9c77354759b210b
  Transaction:         0x41c756b5286f5a04ae6466e6dca8eca673447569b9c973634b5a93e0026ca807
  From:                0xfe3b557e8fb62b89f4916b721be55ceb828dbd73
  Value:               0 ETH
  Gas used:            3366824 of 16777216
  Block #1:            0x5ffbb3cc43ddb0f6d8cf970f132a2bc2ea5830230d2c63b298a627b62011d278

[32meth_getTransactionByHash[0m
[32meth_getTransactionReceipt[0m
[32mhardhat_metadata[0m
[32mhardhat_metadata (2)[0m
[32mhardhat_metadata (3)[0m
[32mhardhat_metadata (4)[0m
[32mhardhat_metadata (5)[0m
[32meth_blockNumber[0m
[32meth_feeHistory[0m
[32meth_getTransactionCount[0m
[32meth_sendRawTransaction[0m
  Contract deployment: HKSTPCompliance
  Contract address:    0xa50a51c09a5c451c52bb714527e1974b686d8e77
  Transaction:         0xf9945a22c8acff11e90fc6638196afebf3277522e57e5cfc9abd760f481584f4
  From:                0xfe3b557e8fb62b89f4916b721be55ceb828dbd73
  Value:               0 ETH
  Gas used:            1479713 of 16777216
  Block #2:            0x74f07cc69bcbb088e1a8583efa99f4ecf44f9a6fcbfa34140358f4000b6e21ef

[32meth_getTransactionByHash[0m
[32meth_getTransactionReceipt[0m
[32meth_call[0m
  Contract call:       HKSTPCompliance#allowedJurisdictions
  From:                0xfe3b557e8fb62b89f4916b721be55ceb828dbd73
  To:                  0xa50a51c09a5c451c52bb714527e1974b686d8e77

[32mhardhat_metadata[0m
[32mhardhat_metadata (2)[0m
[32mhardhat_metadata (3)[0m
[32mhardhat_metadata (4)[0m
[32mhardhat_metadata (5)[0m
[32meth_blockNumber[0m
[32meth_feeHistory[0m
[32meth_getTransactionCount[0m
[32meth_sendRawTransaction[0m
  Contract deployment: HKSTPSecurityToken
  Contract address:    0x9a3dbca554e9f6b9257aaa24010da8377c57c17e
  Transaction:         0xfbfbf1e2d276b72ccb8c13ac414cd8878b2c9fcd907c0f918f2f2b131f9e344f
  From:                0xfe3b557e8fb62b89f4916b721be55ceb828dbd73
  Value:               0 ETH
  Gas used:            3992674 of 16777216
  Block #3:            0xebd122bf44455f6ef2b036251c2599505125d83bb6f0103f071c783d6eff6c45

[32meth_getTransactionByHash[0m
[32meth_getTransactionReceipt[0m
[32mhardhat_metadata[0m
[32mhardhat_metadata (2)[0m
[32mhardhat_metadata (3)[0m
[32mhardhat_metadata (4)[0m
[32mhardhat_metadata (5)[0m
[32meth_blockNumber[0m
[32meth_feeHistory[0m
[32meth_getTransactionCount[0m
[32meth_sendRawTransaction[0m
  Contract deployment: MockCashToken
  Contract address:    0x9b8397f1b0fecd3a1a40cdd5e8221fa461898517
  Transaction:         0x57cbdf124ec8aaef8324f8922f83e0d1d8ecb9e953148f39cb3ca9d8046e843d
  From:                0xfe3b557e8fb62b89f4916b721be55ceb828dbd73
  Value:               0 ETH
  Gas used:            638061 of 16777216
  Block #4:            0xd4670a4ae7858cd9350be6fcfebfd97d051cdb2d0e2a5c531961b353c1ad5b76

[32meth_getTransactionByHash[0m
[32meth_getTransactionReceipt[0m
[32mhardhat_metadata[0m
[32mhardhat_metadata (2)[0m
[32mhardhat_metadata (3)[0m
[32mhardhat_metadata (4)[0m
[32mhardhat_metadata (5)[0m
[32meth_blockNumber[0m
[32meth_feeHistory[0m
[32meth_getTransactionCount[0m
[32meth_sendRawTransaction[0m
  Contract deployment: DvPSettlement
  Contract address:    0x2e1f232a9439c3d459fceca0beef13acc8259dd8
  Transaction:         0x877577563b9d9fd1b7787fdaed6871ae9afa7932b55706bf040b1c38578c993c
  From:                0xfe3b557e8fb62b89f4916b721be55ceb828dbd73
  Value:               0 ETH
  Gas used:            1970144 of 16777216
  Block #5:            0xba4de12e61881f8f2d74601172acc9b415af637e65d06b0b731003dbe22f9cab

[32meth_getTransactionByHash[0m
[32meth_getTransactionReceipt[0m
[32mhardhat_metadata[0m
[32mhardhat_metadata (2)[0m
[32mhardhat_metadata (3)[0m
[32mhardhat_metadata (4)[0m
[32mhardhat_metadata (5)[0m
[32meth_blockNumber[0m
[32meth_feeHistory[0m
[32meth_getTransactionCount[0m
[32meth_sendRawTransaction[0m
  Contract deployment: TokenFactory
  Contract address:    0x05d91b9031a655d08e654177336d08543ac4b711
  Transaction:         0xddf96f001f986cd69c48bf5148dd547b0277c07ce4e4cb9d5209d8527c3458a2
  From:                0xfe3b557e8fb62b89f4916b721be55ceb828dbd73
  Value:               0 ETH
  Gas used:            5382567 of 16777216
  Block #6:            0x7bd020867dc17ea2f486450799310347ac13446c487fb950f722a4b2ce30a667

[32meth_getTransactionByHash[0m
[32meth_getTransactionReceipt[0m
[32mhardhat_metadata[0m
[32mhardhat_metadata (2)[0m
[32mhardhat_metadata (3)[0m
[32mhardhat_metadata (4)[0m
[32mhardhat_metadata (5)[0m
[32meth_blockNumber[0m
[32meth_feeHistory[0m
[32meth_getTransactionCount[0m
[32meth_sendRawTransaction[0m
  Contract deployment: ClaimIssuer
  Contract address:    0xfeae27388a65ee984f452f86effed42aabd438fd
  Transaction:         0x06df82135aa02faca59f84067d7e91db33c0a6ba601397c323f82a3df3c38e49
  From:                0xfe3b557e8fb62b89f4916b721be55ceb828dbd73
  Value:               0 ETH
  Gas used:            745457 of 16777216
  Block #7:            0xc7fa6ad856a6c8e9a20f24b067996f91f5858bcfd50bacc2c35b35e9090da47e

[32meth_getTransactionByHash[0m
[32meth_getTransactionReceipt[0m
[32mhardhat_metadata[0m
[32mhardhat_metadata (2)[0m
[32mhardhat_metadata (3)[0m
[32mhardhat_metadata (4)[0m
[32mhardhat_metadata (5)[0m
[32meth_blockNumber[0m
[32meth_feeHistory[0m
[32meth_getTransactionCount[0m
[32meth_sendRawTransaction[0m
  Contract deployment: IdentityFactory
  Contract address:    0xe135783649bfa7c9c4c6f8e528c7f56166efc8a6
  Transaction:         0x1d1af6964eeeeab8b78c38f148e89be375d505b8e2287c6771de689452c2a79b
  From:                0xfe3b557e8fb62b89f4916b721be55ceb828dbd73
  Value:               0 ETH
  Gas used:            2066047 of 16777216
  Block #8:            0x6b7a7293a4f680a2c8b397e88048c431ff5e7eec457c805fb6cd05d59b83696c

[32meth_getTransactionByHash[0m
[32meth_getTransactionReceipt[0m
[32mhardhat_metadata[0m
[32mhardhat_metadata (2)[0m
[32mhardhat_metadata (3)[0m
[32mhardhat_metadata (4)[0m
[32mhardhat_metadata (5)[0m
[32meth_blockNumber[0m
[32meth_feeHistory[0m
[32meth_getTransactionCount[0m
[32meth_sendRawTransaction[0m
  Contract deployment: HKSTPTimelock
  Contract address:    0xc9bc439c8723c5c6fdbbe14e5ff3a1224f8a0f7c
  Transaction:         0x24ca678b4bbfb55013f8d602a6c534913fbf900cfd13e27c3b98f1a6b77bdf98
  From:                0xfe3b557e8fb62b89f4916b721be55ceb828dbd73
  Value:               0 ETH
  Gas used:            1558894 of 16777216
  Block #9:            0x45556f9997f2c047c658fa9b236279345fa99900395430753554e8f6db26b2d7

[32meth_getTransactionByHash[0m
[32meth_getTransactionReceipt[0m
[32mhardhat_metadata[0m
[32mhardhat_metadata (2)[0m
[32mhardhat_metadata (3)[0m
[32mhardhat_metadata (4)[0m
[32mhardhat_metadata (5)[0m
[32meth_blockNumber[0m
[32meth_feeHistory[0m
[32meth_getTransactionCount[0m
[32meth_sendRawTransaction[0m
  Contract deployment: HKSTPGovernor
  Contract address:    0xde87af9156a223404885002669d3be239313ae33
  Transaction:         0x647883e97cabda030af8ad9d888a93d1118c9d26b083dcafa2bdc5f99a78c8e4
  From:                0xfe3b557e8fb62b89f4916b721be55ceb828dbd73
  Value:               0 ETH
  Gas used:            4021207 of 16777216
  Block #10:           0x36ac5213ec1f2f7e8624bc4bcfe12e9455c5dc0808ba8d237b78ab9f50d8fae2

[32meth_getTransactionByHash[0m
[32meth_getTransactionReceipt[0m
[32mhardhat_metadata[0m
[32mhardhat_metadata (2)[0m
[32mhardhat_metadata (3)[0m
[32mhardhat_metadata (4)[0m
[32mhardhat_metadata (5)[0m
[32meth_blockNumber[0m
[32meth_feeHistory[0m
[32meth_getTransactionCount[0m
[32meth_sendRawTransaction[0m
  Contract deployment: WalletRegistry
  Contract address:    0x686afd6e502a81d2e77f2e038a23c0def4949a20
  Transaction:         0x1bd953786199c1d09fb0c331129d0011c14daa95ed6772f7d75a8d7d6dfbe548
  From:                0xfe3b557e8fb62b89f4916b721be55ceb828dbd73
  Value:               0 ETH
  Gas used:            2334380 of 16777216
  Block #11:           0x3833c1bfe724ed270b4b3265046c9e76dbc206ada63edf551322b234144096fc

[32meth_getTransactionByHash[0m
[32meth_getTransactionReceipt[0m
[32mhardhat_metadata[0m
[32mhardhat_metadata (2)[0m
[32mhardhat_metadata (3)[0m
[32mhardhat_metadata (4)[0m
[32mhardhat_metadata (5)[0m
[32meth_blockNumber[0m
[32meth_feeHistory[0m
[32meth_getTransactionCount[0m
[32meth_sendRawTransaction[0m
  Contract deployment: MultiSigWarm
  Contract address:    0x664d6ebabbd5cf656ed07a509affbc81f9615741
  Transaction:         0xaa8e367047eaa4f4a2c844b0e70f567e166bcaf5f5bb276f0c4783ce90c8a617
  From:                0xfe3b557e8fb62b89f4916b721be55ceb828dbd73
  Value:               0 ETH
  Gas used:            1682368 of 16777216
  Block #12:           0x915d8d1d2deb33c169b33ba7486fe6e8a0c21636ccc97abc4dd746fdef6b3b0a

[32meth_getTransactionByHash[0m
[32meth_getTransactionReceipt[0m
[32mhardhat_metadata[0m
[32mhardhat_metadata (2)[0m
[32mhardhat_metadata (3)[0m
[32mhardhat_metadata (4)[0m
[32mhardhat_metadata (5)[0m
[32meth_blockNumber[0m
[32meth_feeHistory[0m
[32meth_getTransactionCount[0m
[32meth_sendRawTransaction[0m
  Contract deployment: OracleCommittee
  Contract address:    0x9ab7ca8a88f8e351f9b0eeea5777929210199295
  Transaction:         0xf361990173c5ef135171d20bfc8388c498ee91a4acf44ac95970c33aaccf2028
  From:                0xfe3b557e8fb62b89f4916b721be55ceb828dbd73
  Value:               0 ETH
  Gas used:            1742258 of 16777216
  Block #13:           0xefe4abf0fe27549fb3f5503e8d95cd27f8d836838cc8996534ed86218dfa3cc5

[32meth_getTransactionByHash[0m
[32meth_getTransactionReceipt[0m
[32mhardhat_metadata[0m
[32mhardhat_metadata (2)[0m
[32mhardhat_metadata (3)[0m
[32mhardhat_metadata (4)[0m
[32mhardhat_metadata (5)[0m
[32meth_blockNumber[0m
[32meth_feeHistory[0m
[32meth_getTransactionCount[0m
[32meth_sendRawTransaction[0m
  Contract deployment: OrderBookFactory
  Contract address:    0x43d1f9096674b5722d359b6402381816d5b22f28
  Transaction:         0x9d79c5388cb9ddf945d4a17fc0d16a1f385d2f2e686e373e2d0ae0a2d60b6160
  From:                0xfe3b557e8fb62b89f4916b721be55ceb828dbd73
  Value:               0 ETH
  Gas used:            3932876 of 16777216
  Block #14:           0x2d533cd570e6667bacb5a752c19f50ba607deb467b095cfa22e4d7d4199e7f21

[32meth_getTransactionByHash[0m
[32meth_getTransactionReceipt[0m
[32mhardhat_metadata[0m
[32mhardhat_metadata (2)[0m
[32mhardhat_metadata (3)[0m
[32mhardhat_metadata (4)[0m
[32mhardhat_metadata (5)[0m
[32meth_blockNumber[0m
[32meth_feeHistory[0m
[32meth_getTransactionCount[0m
[32meth_sendRawTransaction[0m
  Contract deployment: OrderBook
  Contract address:    0x4245cf4518cb2c280f5e9c6a03c90c147f80b4d9
  Transaction:         0xf83ab56255a092af21b2600b600c4467e73f5d6f1b8b6b54949c7e30150f77c4
  From:                0xfe3b557e8fb62b89f4916b721be55ceb828dbd73
  Value:               0 ETH
  Gas used:            2561237 of 16777216
  Block #15:           0x5985094d2d51efc882352191095fce2feb6cb99900a3becd714697a631b1cfa6

[32meth_getTransactionByHash[0m
[32meth_getTransactionReceipt[0m
[32mhardhat_metadata[0m
[32mhardhat_metadata (2)[0m
[32mhardhat_metadata (3)[0m
[32mhardhat_metadata (4)[0m
[32mhardhat_metadata (5)[0m
[32meth_blockNumber[0m
[32meth_feeHistory[0m
[32meth_getTransactionCount[0m
[32meth_sendRawTransaction[0m
  Contract deployment: TokenFactoryV2
  Contract address:    0x5eb5888938e3fe7b334b1838b19c1e828c5148aa
  Transaction:         0x910575c8be0e8add342ecf561a4d18e5fd4dbf017fb7483b6e8cd4c7f5c86466
  From:                0xfe3b557e8fb62b89f4916b721be55ceb828dbd73
  Value:               0 ETH
  Gas used:            1946363 of 16777216
  Block #16:           0xd7255fc7c45fb8253ad31111e58db3b2ec7e86756a86d789e09d218cb3849a9d

[32meth_getTransactionByHash[0m
[32meth_getTransactionReceipt[0m
[32mhardhat_metadata[0m
[32mhardhat_metadata (2)[0m
[32mhardhat_metadata (3)[0m
[32mhardhat_metadata (4)[0m
[32mhardhat_metadata (5)[0m
[32meth_blockNumber[0m
[32meth_feeHistory[0m
[32meth_getTransactionCount[0m
[32meth_sendRawTransaction[0m
  Contract deployment: SystemHealthCheck
  Contract address:    0x4261d524bc701da4ac49339e5f8b299977045ea5
  Transaction:         0x303adaf46b1ba7e867e53efef56de8988254f3835058835ee4506d8a48dccde8
  From:                0xfe3b557e8fb62b89f4916b721be55ceb828dbd73
  Value:               0 ETH
  Gas used:            1508653 of 16777216
  Block #17:           0xd7ae5e9e710ffc7961218f1a0038c9c16030c39f5e52c2076e8b3cd43497114e

[32meth_getTransactionByHash[0m
[32meth_getTransactionReceipt[0m
[32meth_call[0m
  Contract call:       HKSTPCompliance#TOKEN_ROLE
  From:                0xfe3b557e8fb62b89f4916b721be55ceb828dbd73
  To:                  0xa50a51c09a5c451c52bb714527e1974b686d8e77

[32meth_blockNumber[0m
[32meth_feeHistory[0m
[32meth_getTransactionCount[0m
[32meth_sendRawTransaction[0m
  Contract call:       HKSTPCompliance#grantRole
  Transaction:         0x687d90f1ac922d2159e48320edf53482bcf2fe67ee2da3dfc5ff87b86010f443
  From:                0xfe3b557e8fb62b89f4916b721be55ceb828dbd73
  To:                  0xa50a51c09a5c451c52bb714527e1974b686d8e77
  Value:               0 ETH
  Gas used:            51463 of 16777216
  Block #18:           0x96c908616346f01f021730bd07d026402498fad2378c9cf9058b042651d97f0f

[32meth_getTransactionByHash[0m
[32meth_getTransactionReceipt[0m
[32meth_call[0m
  Contract call:       HKSTPCompliance#DEFAULT_ADMIN_ROLE
  From:                0xfe3b557e8fb62b89f4916b721be55ceb828dbd73
  To:                  0xa50a51c09a5c451c52bb714527e1974b686d8e77

[32meth_blockNumber[0m
[32meth_feeHistory[0m
[32meth_getTransactionCount[0m
[32meth_sendRawTransaction[0m
  Contract call:       HKSTPCompliance#grantRole
  Transaction:         0x5087fb221dfcda553bb6b2f2386bd7f6f42cccb67a1aae116c560a52f29a1f20
  From:                0xfe3b557e8fb62b89f4916b721be55ceb828dbd73
  To:                  0xa50a51c09a5c451c52bb714527e1974b686d8e77
  Value:               0 ETH
  Gas used:            51079 of 16777216
  Block #19:           0x7c95db0a7f4a00df9123588b14a433f199e990503800c2f96c35c0ce835c919f

[32meth_getTransactionByHash[0m
[32meth_getTransactionReceipt[0m
[32meth_call[0m
  Contract call:       DvPSettlement#OPERATOR_ROLE
  From:                0xfe3b557e8fb62b89f4916b721be55ceb828dbd73
  To:                  0x2e1f232a9439c3d459fceca0beef13acc8259dd8

[32meth_blockNumber[0m
[32meth_feeHistory[0m
[32meth_getTransactionCount[0m
[32meth_sendRawTransaction[0m
  Contract call:       DvPSettlement#grantRole
  Transaction:         0x57dac68cc4b2eb83780de2262de2dd07e9c454292a3bd619a98688170731740f
  From:                0xfe3b557e8fb62b89f4916b721be55ceb828dbd73
  To:                  0x2e1f232a9439c3d459fceca0beef13acc8259dd8
  Value:               0 ETH
  Gas used:            51424 of 16777216
  Block #20:           0x65f9c0d67e6eca6a1514d53422339bceaddebcbd82431188b4bc73180dbea77f

[32meth_getTransactionByHash[0m
[32meth_getTransactionReceipt[0m
[32meth_blockNumber[0m
[32meth_feeHistory[0m
[32meth_getTransactionCount[0m
[32meth_sendRawTransaction[0m
  Contract call:       DvPSettlement#grantRole
  Transaction:         0xb9887a9daaec629a06000f3737b8a3a79b732bf34d4189c69942f2a3a30e8db8
  From:                0xfe3b557e8fb62b89f4916b721be55ceb828dbd73
  To:                  0x2e1f232a9439c3d459fceca0beef13acc8259dd8
  Value:               0 ETH
  Gas used:            51424 of 16777216
  Block #21:           0x5fecfecfe2ede5fbdb22f8a73a1329df09a7cfb1029a908516f327be8e8286d1

[32meth_getTransactionByHash[0m
[32meth_getTransactionReceipt[0m
[32meth_blockNumber[0m
[32meth_feeHistory[0m
[32meth_getTransactionCount[0m
[32meth_sendRawTransaction[0m
  Contract call:       DvPSettlement#grantRole
  Transaction:         0xf71355eac43586a67a8d7778903d66c084301790ff131923de3b6974567196e0
  From:                0xfe3b557e8fb62b89f4916b721be55ceb828dbd73
  To:                  0x2e1f232a9439c3d459fceca0beef13acc8259dd8
  Value:               0 ETH
  Gas used:            51424 of 16777216
  Block #22:           0xda8e697346d9af0955c92f60a73858e6c8a615f1d0da83388fe418999ca36b83

[32meth_getTransactionByHash[0m
[32meth_getTransactionReceipt[0m
[32meth_call[0m
  Contract call:       HKSTPSecurityToken#AGENT_ROLE
  From:                0xfe3b557e8fb62b89f4916b721be55ceb828dbd73
  To:                  0x9a3dbca554e9f6b9257aaa24010da8377c57c17e

[32meth_call[0m
  Contract call:       HKSTPIdentityRegistry#AGENT_ROLE
  From:                0xfe3b557e8fb62b89f4916b721be55ceb828dbd73
  To:                  0x42699a7612a82f1d9c36148af9c77354759b210b

[32meth_blockNumber[0m
[32meth_feeHistory[0m
[32meth_getTransactionCount[0m
[32meth_sendRawTransaction[0m
  Contract call:       HKSTPSecurityToken#grantRole
  Transaction:         0x96472a7aaa5d0b0ba1639e05992116d801971f457255cd4e550aa5c24a4d4f37
  From:                0xfe3b557e8fb62b89f4916b721be55ceb828dbd73
  To:                  0x9a3dbca554e9f6b9257aaa24010da8377c57c17e
  Value:               0 ETH
  Gas used:            51513 of 16777216
  Block #23:           0xb8c24d01c39e9283f609c5eb035dbbea3d288dc56f2a11082ee4eca29c33ecae

[32meth_getTransactionByHash[0m
[32meth_getTransactionReceipt[0m
[32meth_blockNumber[0m
[32meth_feeHistory[0m
[32meth_getTransactionCount[0m
[32meth_sendRawTransaction[0m
  Contract call:       HKSTPIdentityRegistry#grantRole
  Transaction:         0xc1fbbdf8da4be4fe7cc9dd6fed5b8b199a79abd096c37b87d6d7ae4833e5a792
  From:                0xfe3b557e8fb62b89f4916b721be55ceb828dbd73
  To:                  0x42699a7612a82f1d9c36148af9c77354759b210b
  Value:               0 ETH
  Gas used:            51573 of 16777216
  Block #24:           0xed1f7459371c816dacefbcb4e5ae9a791c002aa0adfad1615eef65a4c1fb1b96

[32meth_getTransactionByHash[0m
[32meth_getTransactionReceipt[0m
[32meth_blockNumber[0m
[32meth_feeHistory[0m
[32meth_getTransactionCount[0m
[32meth_sendRawTransaction[0m
  Contract call:       HKSTPIdentityRegistry#setIdentityFactory
  Transaction:         0x3d03c8694ea25bc2a71d462563ef59e06b5724bd21ca5f5df5110a957e23069e
  From:                0xfe3b557e8fb62b89f4916b721be55ceb828dbd73
  To:                  0x42699a7612a82f1d9c36148af9c77354759b210b
  Value:               0 ETH
  Gas used:            47580 of 16777216
  Block #25:           0x6be9d96c5f5815d7b9163e2136166cbcf5520c4a266d8cdeac98c5942f519b04

[32meth_getTransactionByHash[0m
[32meth_getTransactionReceipt[0m
[32meth_call[0m
  Contract call:       IdentityFactory#DEPLOYER_ROLE
  From:                0xfe3b557e8fb62b89f4916b721be55ceb828dbd73
  To:                  0xe135783649bfa7c9c4c6f8e528c7f56166efc8a6

[32meth_blockNumber[0m
[32meth_feeHistory[0m
[32meth_getTransactionCount[0m
[32meth_sendRawTransaction[0m
  Contract call:       IdentityFactory#grantRole
  Transaction:         0x098deda2d5c9a63058239719ce6906242a2315b01a7d94f40319486270c3278c
  From:                0xfe3b557e8fb62b89f4916b721be55ceb828dbd73
  To:                  0xe135783649bfa7c9c4c6f8e528c7f56166efc8a6
  Value:               0 ETH
  Gas used:            51529 of 16777216
  Block #26:           0x8cb11483576573aa85e13c7ff3b48c601b2abeb831600ddffd1c09819e9851ee

[32meth_getTransactionByHash[0m
[32meth_getTransactionReceipt[0m
[32meth_blockNumber[0m
[32meth_feeHistory[0m
[32meth_getTransactionCount[0m
[32meth_sendRawTransaction[0m
  Contract call:       HKSTPIdentityRegistry#addTrustedIssuer
  Transaction:         0xa70cddebd8469339c38f0ee16b0466db0195342b8a4b6c36e1f299881ce9e255
  From:                0xfe3b557e8fb62b89f4916b721be55ceb828dbd73
  To:                  0x42699a7612a82f1d9c36148af9c77354759b210b
  Value:               0 ETH
  Gas used:            429866 of 16777216
  Block #27:           0x4a167b1745a733c0930bc7030476b1c69ce15f8b4b795b05a6f438ee6f30dd80

[32meth_getTransactionByHash[0m
[32meth_getTransactionReceipt[0m
[32meth_blockNumber[0m
[32meth_feeHistory[0m
[32meth_getTransactionCount[0m
[32meth_sendRawTransaction[0m
  Contract call:       HKSTPSecurityToken#setMaxShareholders
  Transaction:         0x3751fc99f59ba1e6cab5c2c05ab1de386334ea501d64b504d638749a9eaf10b9
  From:                0xfe3b557e8fb62b89f4916b721be55ceb828dbd73
  To:                  0x9a3dbca554e9f6b9257aaa24010da8377c57c17e
  Value:               0 ETH
  Gas used:            47062 of 16777216
  Block #28:           0xe028d5e3155a0e03f69bc23b0f04ba8305c23de2d956316027985d19a69c5240

[32meth_getTransactionByHash[0m
[32meth_getTransactionReceipt[0m
[32meth_call[0m
  Contract call:       HKSTPTimelock#PROPOSER_ROLE
  From:                0xfe3b557e8fb62b89f4916b721be55ceb828dbd73
  To:                  0xc9bc439c8723c5c6fdbbe14e5ff3a1224f8a0f7c

[32meth_call[0m
  Contract call:       HKSTPTimelock#EXECUTOR_ROLE
  From:                0xfe3b557e8fb62b89f4916b721be55ceb828dbd73
  To:                  0xc9bc439c8723c5c6fdbbe14e5ff3a1224f8a0f7c

[32meth_call[0m
  Contract call:       HKSTPTimelock#CANCELLER_ROLE
  From:                0xfe3b557e8fb62b89f4916b721be55ceb828dbd73
  To:                  0xc9bc439c8723c5c6fdbbe14e5ff3a1224f8a0f7c

[32meth_blockNumber[0m
[32meth_feeHistory[0m
[32meth_getTransactionCount[0m
[32meth_sendRawTransaction[0m
  Contract call:       HKSTPTimelock#grantRole
  Transaction:         0xdfa3242d52b57e87192771f261cd8817e098e73d60cfca015dd1e48d44f0e0a1
  From:                0xfe3b557e8fb62b89f4916b721be55ceb828dbd73
  To:                  0xc9bc439c8723c5c6fdbbe14e5ff3a1224f8a0f7c
  Value:               0 ETH
  Gas used:            51496 of 16777216
  Block #29:           0xd02651f18e010850a134f6cb56c4a295de3909772ad9ce03e3a4a846777be35c

[32meth_getTransactionByHash[0m
[32meth_getTransactionReceipt[0m
[32meth_blockNumber[0m
[32meth_feeHistory[0m
[32meth_getTransactionCount[0m
[32meth_sendRawTransaction[0m
  Contract call:       HKSTPTimelock#grantRole
  Transaction:         0x32b3e2e2e1413efd2066908c042b70d7bc25fdcb7b6f1435f1247196c18b1499
  From:                0xfe3b557e8fb62b89f4916b721be55ceb828dbd73
  To:                  0xc9bc439c8723c5c6fdbbe14e5ff3a1224f8a0f7c
  Value:               0 ETH
  Gas used:            51496 of 16777216
  Block #30:           0xee8e985759ae2b2c4f9cf52ab5e73fb0157291c7de4c816d475aad2ddec14230

[32meth_getTransactionByHash[0m
[32meth_getTransactionReceipt[0m
[32meth_blockNumber[0m
[32meth_feeHistory[0m
[32meth_getTransactionCount[0m
[32meth_sendRawTransaction[0m
  Contract call:       HKSTPTimelock#grantRole
  Transaction:         0x9fdc96e8d2ae4ca6dca09ce9bd9972b89adc4f6949b6a7579d6d3bc9c7545b2c
  From:                0xfe3b557e8fb62b89f4916b721be55ceb828dbd73
  To:                  0xc9bc439c8723c5c6fdbbe14e5ff3a1224f8a0f7c
  Value:               0 ETH
  Gas used:            51496 of 16777216
  Block #31:           0xf0931974258d86106caa1ff4823b2d47eedf64ede64e5636b327e87a826c1c20

[32meth_getTransactionByHash[0m
[32meth_getTransactionReceipt[0m
[32meth_call[0m
  Contract call:       HKSTPSecurityToken#DEFAULT_ADMIN_ROLE
  From:                0xfe3b557e8fb62b89f4916b721be55ceb828dbd73
  To:                  0x9a3dbca554e9f6b9257aaa24010da8377c57c17e

[32meth_blockNumber[0m
[32meth_feeHistory[0m
[32meth_getTransactionCount[0m
[32meth_sendRawTransaction[0m
  Contract call:       HKSTPSecurityToken#grantRole
  Transaction:         0xe4d6b3bde502c7beab89176217f261eb2b4df970f634d8f84e45d3b48452c15c
  From:                0xfe3b557e8fb62b89f4916b721be55ceb828dbd73
  To:                  0x9a3dbca554e9f6b9257aaa24010da8377c57c17e
  Value:               0 ETH
  Gas used:            51129 of 16777216
  Block #32:           0x566affdf2149953f62a380c6e7cfd25847cd91c5aa44135590f1998bb3760234

[32meth_getTransactionByHash[0m
[32meth_getTransactionReceipt[0m
[32meth_blockNumber[0m
[32meth_feeHistory[0m
[32meth_getTransactionCount[0m
[32meth_sendRawTransaction[0m
  Contract call:       WalletRegistry#addTrackedToken
  Transaction:         0x268ea4dca557d7abb4b0ca58b8b4e6844bed101efec79bf5e7e9264b1fd62706
  From:                0xfe3b557e8fb62b89f4916b721be55ceb828dbd73
  To:                  0x686afd6e502a81d2e77f2e038a23c0def4949a20
  Value:               0 ETH
  Gas used:            92082 of 16777216
  Block #33:           0xb2cd01826c422a8d626da41d267e40b3857e21df68a1ad73c8bb44048cec995c

[32meth_getTransactionByHash[0m
[32meth_getTransactionReceipt[0m
[32meth_blockNumber[0m
[32meth_feeHistory[0m
[32meth_getTransactionCount[0m
[32meth_sendRawTransaction[0m
  Contract call:       WalletRegistry#addTrackedToken
  Transaction:         0x7077c0ebedc711efc993c156d650034aa26aee1bb5dbbfc1ba3702c28a97a40a
  From:                0xfe3b557e8fb62b89f4916b721be55ceb828dbd73
  To:                  0x686afd6e502a81d2e77f2e038a23c0def4949a20
  Value:               0 ETH
  Gas used:            74982 of 16777216
  Block #34:           0xfe9f389ec7dc52c7ed5e0ee862877a5472a730203ab23d9eb363edc6550dadaa

[32meth_getTransactionByHash[0m
[32meth_getTransactionReceipt[0m
[32meth_blockNumber[0m
[32meth_feeHistory[0m
[32meth_getTransactionCount[0m
[32meth_sendRawTransaction[0m
  Contract call:       WalletRegistry#registerWallet
  Transaction:         0x20de9ecafe3e1a01b816564448fe1dbe3437f0401f29eeecfcab570871cf0e0b
  From:                0xfe3b557e8fb62b89f4916b721be55ceb828dbd73
  To:                  0x686afd6e502a81d2e77f2e038a23c0def4949a20
  Value:               0 ETH
  Gas used:            161662 of 16777216
  Block #35:           0xa9790483b3ad96fee536a1aacc8c6d65138ed880284e864056de23a32f8ce1e6

[32meth_getTransactionByHash[0m
[32meth_getTransactionReceipt[0m
[32meth_blockNumber[0m
[32meth_feeHistory[0m
[32meth_getTransactionCount[0m
[32meth_sendRawTransaction[0m
  Contract call:       WalletRegistry#registerWallet
  Transaction:         0xe8b2cb8079be0737f4e1151040fbdeaf229f074974651821b472cf2a100d4b53
  From:                0xfe3b557e8fb62b89f4916b721be55ceb828dbd73
  To:                  0x686afd6e502a81d2e77f2e038a23c0def4949a20
  Value:               0 ETH
  Gas used:            144550 of 16777216
  Block #36:           0x3a6d88df02bf3260da5009a6f311bd61eecf067d637d76e3dae4ecb0bce1faae

[32meth_getTransactionByHash[0m
[32meth_getTransactionReceipt[0m
[32meth_blockNumber[0m
[32meth_feeHistory[0m
[32meth_getTransactionCount[0m
[32meth_sendRawTransaction[0m
  Contract call:       HKSTPSecurityToken#setSafeList
  Transaction:         0x606c4e5f3c7ccabb5aaadaec37b0e3c529a43a29a0d03041a1e50de953013346
  From:                0xfe3b557e8fb62b89f4916b721be55ceb828dbd73
  To:                  0x9a3dbca554e9f6b9257aaa24010da8377c57c17e
  Value:               0 ETH
  Gas used:            48152 of 16777216
  Block #37:           0xe3b681e2b57198452d00d7de4be0a2f06432aadbaedb61509bd0be39e3f8e8cf

[32meth_getTransactionByHash[0m
[32meth_getTransactionReceipt[0m
[32meth_blockNumber[0m
[32meth_feeHistory[0m
[32meth_getTransactionCount[0m
[32meth_sendRawTransaction[0m
  Contract call:       HKSTPSecurityToken#setSafeList
  Transaction:         0x9217bc2e2a2fa6798e6b8fdf36049d858b48a6b49e69f6c4664a27f3c96a5e15
  From:                0xfe3b557e8fb62b89f4916b721be55ceb828dbd73
  To:                  0x9a3dbca554e9f6b9257aaa24010da8377c57c17e
  Value:               0 ETH
  Gas used:            48152 of 16777216
  Block #38:           0xd3f2d503692207d09465ca187f4413902263ba72f6950a7ef6d0e0436ec0d166

[32meth_getTransactionByHash[0m
[32meth_getTransactionReceipt[0m
[32meth_blockNumber[0m
[32meth_feeHistory[0m
[32meth_getTransactionCount[0m
[32meth_sendRawTransaction[0m
  Contract call:       HKSTPSecurityToken#setSafeList
  Transaction:         0x1f4761c8a820408aa4249675c15ac5aeadd3efd38edd19930ee1e76fd2f023f9
  From:                0xfe3b557e8fb62b89f4916b721be55ceb828dbd73
  To:                  0x9a3dbca554e9f6b9257aaa24010da8377c57c17e
  Value:               0 ETH
  Gas used:            48152 of 16777216
  Block #39:           0xc40fb5a3f10ae8dcab54969243b5086f1c054185f42e410c3fb6bf74b7e767aa

[32meth_getTransactionByHash[0m
[32meth_getTransactionReceipt[0m
[32meth_blockNumber[0m
[32meth_feeHistory[0m
[32meth_getTransactionCount[0m
[32meth_sendRawTransaction[0m
  Contract call:       HKSTPCompliance#grantRole
  Transaction:         0x242622eae39973db2eb91588c43240dec2b517e5b8cc56b56c6c31b841ede109
  From:                0xfe3b557e8fb62b89f4916b721be55ceb828dbd73
  To:                  0xa50a51c09a5c451c52bb714527e1974b686d8e77
  Value:               0 ETH
  Gas used:            51079 of 16777216
  Block #40:           0x7d231a7d5b62e025daaf29bed09643ac36cb7ce82e96d0806669fd49bb9908c3

[32meth_getTransactionByHash[0m
[32meth_getTransactionReceipt[0m
[32meth_blockNumber[0m
[32meth_feeHistory[0m
[32meth_getTransactionCount[0m
[32meth_sendRawTransaction[0m
  Contract call:       HKSTPCompliance#grantRole
  Transaction:         0xe6acd176e33822cbad92307160629917ab7b03e6e7616cd726639e63f822b44b
  From:                0xfe3b557e8fb62b89f4916b721be55ceb828dbd73
  To:                  0xa50a51c09a5c451c52bb714527e1974b686d8e77
  Value:               0 ETH
  Gas used:            51079 of 16777216
  Block #41:           0xc377a47f9f6015ec5a2645a8ea2cf23a0d7ac151f7c04f5ca97f09ae0d5285b9

[32meth_getTransactionByHash[0m
[32meth_getTransactionReceipt[0m
[32meth_blockNumber[0m
[32meth_feeHistory[0m
[32meth_getTransactionCount[0m
[32meth_sendRawTransaction[0m
  Contract call:       HKSTPSecurityToken#setSafeList
  Transaction:         0x2b71d6b4d9a32d0693a70e6e474aade81f35c4b942638207846a299f6b705fc5
  From:                0xfe3b557e8fb62b89f4916b721be55ceb828dbd73
  To:                  0x9a3dbca554e9f6b9257aaa24010da8377c57c17e
  Value:               0 ETH
  Gas used:            48152 of 16777216
  Block #42:           0x9931eebf9c83988476de2e0cce062c0b79d6f90f2d096e8155cef94b776ae56c

[32meth_getTransactionByHash[0m
[32meth_getTransactionReceipt[0m
[32meth_call[0m
  Contract call:       HKSTPIdentityRegistry#AGENT_ROLE
  From:                0xfe3b557e8fb62b89f4916b721be55ceb828dbd73
  To:                  0x42699a7612a82f1d9c36148af9c77354759b210b

[32meth_call[0m
  Contract call:       HKSTPIdentityRegistry#hasRole
  From:                0xfe3b557e8fb62b89f4916b721be55ceb828dbd73
  To:                  0x42699a7612a82f1d9c36148af9c77354759b210b

[32meth_call[0m
  Contract call:       HKSTPIdentityRegistry#contains
  From:                0xfe3b557e8fb62b89f4916b721be55ceb828dbd73
  To:                  0x42699a7612a82f1d9c36148af9c77354759b210b

[32meth_call[0m
  Contract call:       IdentityFactory#getIdentity
  From:                0xfe3b557e8fb62b89f4916b721be55ceb828dbd73
  To:                  0xe135783649bfa7c9c4c6f8e528c7f56166efc8a6

[32meth_blockNumber[0m
[32meth_feeHistory[0m
[32meth_getTransactionCount[0m
[32meth_sendRawTransaction[0m
  Contract call:       HKSTPIdentityRegistry#registerIdentity
  Transaction:         0x30bc5852b53c4311ac292608050e6202e3aa1f0ef97da34428ad4ef8b7720462
  From:                0xfe3b557e8fb62b89f4916b721be55ceb828dbd73
  To:                  0x42699a7612a82f1d9c36148af9c77354759b210b
  Value:               0 ETH
  Gas used:            684852 of 16777216
  Block #43:           0x0a20171b9036e92ca046253e51e401c05943fc90c128a474fa5300dfd8c6c71e

[32meth_getTransactionByHash[0m
[32meth_getTransactionReceipt[0m
[32meth_blockNumber[0m
[32meth_feeHistory[0m
[32meth_getTransactionCount[0m
[32meth_sendRawTransaction[0m
  Contract call:       HKSTPIdentityRegistry#setClaim
  Transaction:         0x4cf2ffb179ef16a2fdc39ce572d736e8608d3abe77894b5c577f4e4e14bc8663
  From:                0xfe3b557e8fb62b89f4916b721be55ceb828dbd73
  To:                  0x42699a7612a82f1d9c36148af9c77354759b210b
  Value:               0 ETH
  Gas used:            53086 of 16777216
  Block #44:           0x53a1b5e5067acdf001cdec5da19099a7318968df8d50a02e908def6346070d1c

[32meth_getTransactionByHash[0m
[32meth_getTransactionReceipt[0m
[32meth_blockNumber[0m
[32meth_feeHistory[0m
[32meth_getTransactionCount[0m
[32meth_sendRawTransaction[0m
  Contract call:       HKSTPIdentityRegistry#setClaim
  Transaction:         0x60e6df0b5ffe4700ebed5b005a52aaa354fac88e746141a5a7ebae6928428492
  From:                0xfe3b557e8fb62b89f4916b721be55ceb828dbd73
  To:                  0x42699a7612a82f1d9c36148af9c77354759b210b
  Value:               0 ETH
  Gas used:            53086 of 16777216
  Block #45:           0xfc1984d6bdd6dbefc60bebab59cbda24dea00876bfaa431c693f5fdabdf6d784

[32meth_getTransactionByHash[0m
[32meth_getTransactionReceipt[0m
[32meth_blockNumber[0m
[32meth_feeHistory[0m
[32meth_getTransactionCount[0m
[32meth_sendRawTransaction[0m
  Contract call:       HKSTPIdentityRegistry#setClaim
  Transaction:         0xe61de32e1798595c3e5304155edae74981e37c6c407461ae286c28a8ed160f75
  From:                0xfe3b557e8fb62b89f4916b721be55ceb828dbd73
  To:                  0x42699a7612a82f1d9c36148af9c77354759b210b
  Value:               0 ETH
  Gas used:            53086 of 16777216
  Block #46:           0x8bbb50fc295c84fa3943bb5d1e86dc9cc0415263ef311574b9f3d3e729661cb9

[32meth_getTransactionByHash[0m
[32meth_getTransactionReceipt[0m
[32meth_blockNumber[0m
[32meth_feeHistory[0m
[32meth_getTransactionCount[0m
[32meth_sendRawTransaction[0m
  Contract call:       HKSTPIdentityRegistry#setClaim
  Transaction:         0xc0dcaff2f39c98cd1af43efdbebd538bbef05b55cb366cdbdfabf8ae0b5c649f
  From:                0xfe3b557e8fb62b89f4916b721be55ceb828dbd73
  To:                  0x42699a7612a82f1d9c36148af9c77354759b210b
  Value:               0 ETH
  Gas used:            53086 of 16777216
  Block #47:           0x119d8fdaa69183c0d1f9c0bc492d83bddf9be4707974266a86f6156317426c3d

[32meth_getTransactionByHash[0m
[32meth_getTransactionReceipt[0m
[32meth_blockNumber[0m
[32meth_feeHistory[0m
[32meth_getTransactionCount[0m
[32meth_sendRawTransaction[0m
  Contract call:       HKSTPIdentityRegistry#setClaim
  Transaction:         0x0be8c108a0835ef28d22f96099c72b4df70988bfc85d63a075f82820e455bcac
  From:                0xfe3b557e8fb62b89f4916b721be55ceb828dbd73
  To:                  0x42699a7612a82f1d9c36148af9c77354759b210b
  Value:               0 ETH
  Gas used:            53086 of 16777216
  Block #48:           0x357a7731d0f2d9cea8fb68418856a66c9fe11d3f36de945b8aeef03036be7702

[32meth_getTransactionByHash[0m
[32meth_getTransactionReceipt[0m
[32meth_call[0m
  Contract call:       HKSTPIdentityRegistry#identity
  From:                0xfe3b557e8fb62b89f4916b721be55ceb828dbd73
  To:                  0x42699a7612a82f1d9c36148af9c77354759b210b

[32meth_call[0m
  Contract call:       ClaimIssuer#getClaimHash
  From:                0xfe3b557e8fb62b89f4916b721be55ceb828dbd73
  To:                  0xfeae27388a65ee984f452f86effed42aabd438fd

[32meth_blockNumber[0m
[32meth_feeHistory[0m
[32meth_getTransactionCount[0m
[32meth_sendRawTransaction[0m
  Contract call:       HKSTPIdentityRegistry#issueClaim
  Transaction:         0x24cdf5826249a39dd557495efff337338b3a799c208cf93967a3b4cd491e187d
  From:                0xfe3b557e8fb62b89f4916b721be55ceb828dbd73
  To:                  0x42699a7612a82f1d9c36148af9c77354759b210b
  Value:               0 ETH
  Gas used:            328638 of 16777216
  Block #49:           0xf4ffb5478e02a52c1075bc9ca2185987e1b5e584168720047e347bfd34863b63

[32meth_getTransactionByHash[0m
[32meth_getTransactionReceipt[0m
[32meth_call[0m
  Contract call:       ClaimIssuer#getClaimHash
  From:                0xfe3b557e8fb62b89f4916b721be55ceb828dbd73
  To:                  0xfeae27388a65ee984f452f86effed42aabd438fd

[32meth_blockNumber[0m
[32meth_feeHistory[0m
[32meth_getTransactionCount[0m
[32meth_sendRawTransaction[0m
  Contract call:       HKSTPIdentityRegistry#issueClaim
  Transaction:         0xc1a7f364000bdc366a42cc75689b49d4b0e51171a39866f1fa5b08782f1f8f10
  From:                0xfe3b557e8fb62b89f4916b721be55ceb828dbd73
  To:                  0x42699a7612a82f1d9c36148af9c77354759b210b
  Value:               0 ETH
  Gas used:            328626 of 16777216
  Block #50:           0xce29ff4927167a209f7a6cbb7dfce427fef918a0394bade250f9c9ff513608c7

[32meth_getTransactionByHash[0m
[32meth_getTransactionReceipt[0m
[32meth_call[0m
  Contract call:       ClaimIssuer#getClaimHash
  From:                0xfe3b557e8fb62b89f4916b721be55ceb828dbd73
  To:                  0xfeae27388a65ee984f452f86effed42aabd438fd

[32meth_blockNumber[0m
[32meth_feeHistory[0m
[32meth_getTransactionCount[0m
[32meth_sendRawTransaction[0m
  Contract call:       HKSTPIdentityRegistry#issueClaim
  Transaction:         0x2c51b27c2a83ee23eafb21707a38e38a13b6585a64de661bdfdfb3559b6691b5
  From:                0xfe3b557e8fb62b89f4916b721be55ceb828dbd73
  To:                  0x42699a7612a82f1d9c36148af9c77354759b210b
  Value:               0 ETH
  Gas used:            328638 of 16777216
  Block #51:           0xe69216d598d4ee03f6dae5adbc49cc1a2a3e7f466669717feb4cdafc2a6b7c68

[32meth_getTransactionByHash[0m
[32meth_getTransactionReceipt[0m
[32meth_call[0m
  Contract call:       ClaimIssuer#getClaimHash
  From:                0xfe3b557e8fb62b89f4916b721be55ceb828dbd73
  To:                  0xfeae27388a65ee984f452f86effed42aabd438fd

[32meth_blockNumber[0m
[32meth_feeHistory[0m
[32meth_getTransactionCount[0m
[32meth_sendRawTransaction[0m
  Contract call:       HKSTPIdentityRegistry#issueClaim
  Transaction:         0x921e105ca2d510f195d8cc40705f91edf15b2bd29bb40f70e409cfdf9b14106d
  From:                0xfe3b557e8fb62b89f4916b721be55ceb828dbd73
  To:                  0x42699a7612a82f1d9c36148af9c77354759b210b
  Value:               0 ETH
  Gas used:            328638 of 16777216
  Block #52:           0x1bad46d188cc89ba198e1e3bfd504ded80573c371aa54834065f0f2973589782

[32meth_getTransactionByHash[0m
[32meth_getTransactionReceipt[0m
[32meth_call[0m
  Contract call:       ClaimIssuer#getClaimHash
  From:                0xfe3b557e8fb62b89f4916b721be55ceb828dbd73
  To:                  0xfeae27388a65ee984f452f86effed42aabd438fd

[32meth_blockNumber[0m
[32meth_feeHistory[0m
[32meth_getTransactionCount[0m
[32meth_sendRawTransaction[0m
  Contract call:       HKSTPIdentityRegistry#issueClaim
  Transaction:         0x8da337f79f729f7fc544e48c51fb079ffd8d88008f98a414a5cd66bb71332537
  From:                0xfe3b557e8fb62b89f4916b721be55ceb828dbd73
  To:                  0x42699a7612a82f1d9c36148af9c77354759b210b
  Value:               0 ETH
  Gas used:            328638 of 16777216
  Block #53:           0xce0ef4d983156a336e80218717b8ebb540bc8c330ccabd32a02cb45bdf52b617

[32meth_getTransactionByHash[0m
[32meth_getTransactionReceipt[0m
[32meth_call[0m
  Contract call:       HKSTPIdentityRegistry#isVerified
  From:                0xfe3b557e8fb62b89f4916b721be55ceb828dbd73
  To:                  0x42699a7612a82f1d9c36148af9c77354759b210b

[32meth_blockNumber[0m
[32meth_feeHistory[0m
[32meth_getTransactionCount[0m
[32meth_sendRawTransaction[0m
  Contract call:       HKSTPSecurityToken#mint
  Transaction:         0x86ea2bd145e0a21d63f759b7df884d5c877e9c5315a8619f85b128dc45cf1fa0
  From:                0xfe3b557e8fb62b89f4916b721be55ceb828dbd73
  To:                  0x9a3dbca554e9f6b9257aaa24010da8377c57c17e
  Value:               0 ETH
  Gas used:            493114 of 16777216
  Block #54:           0xafa792a848c1ca47aee3c414bb8a5246963e854b73409cd6778f4d6850b8f0c3

[32meth_getTransactionByHash[0m
[32meth_getTransactionReceipt[0m
[32meth_call[0m
  Contract call:       HKSTPSecurityToken#balanceOf
  From:                0xfe3b557e8fb62b89f4916b721be55ceb828dbd73
  To:                  0x9a3dbca554e9f6b9257aaa24010da8377c57c17e

[32meth_blockNumber[0m
[32meth_feeHistory[0m
[32meth_getTransactionCount[0m
[32meth_sendRawTransaction[0m
  Contract call:       MockCashToken#mint
  Transaction:         0xbfbf47e41ec36ef8f6b370c29771923c45b36e57a650c6d2fff74b8377cbb386
  From:                0xfe3b557e8fb62b89f4916b721be55ceb828dbd73
  To:                  0x9b8397f1b0fecd3a1a40cdd5e8221fa461898517
  Value:               0 ETH
  Gas used:            70635 of 16777216
  Block #55:           0x529f1966ad67d07b64bc4de53eb3fe59aa6960da778f16803ef3953c124aba35

[32meth_getTransactionByHash[0m
[32meth_getTransactionReceipt[0m
[32meth_call[0m
  Contract call:       MockCashToken#balanceOf
  From:                0xfe3b557e8fb62b89f4916b721be55ceb828dbd73
  To:                  0x9b8397f1b0fecd3a1a40cdd5e8221fa461898517

[32meth_chainId[0m
[32meth_chainId (2)[0m
[32mhardhat_metadata[0m
[32mhardhat_metadata (2)[0m
[32mhardhat_metadata (3)[0m
[32mhardhat_metadata (4)[0m
[32mhardhat_metadata (5)[0m
[32mhardhat_metadata (6)[0m
[32mhardhat_metadata (7)[0m
[32mhardhat_metadata (8)[0m
[32mhardhat_metadata (9)[0m
[32mhardhat_metadata (10)[0m
[32meth_blockNumber[0m
[32meth_getBlockByNumber[0m
[32meth_feeHistory[0m
[32meth_getTransactionCount[0m
[32meth_chainId[0m
[32meth_sendRawTransaction[0m
  Contract deployment: SystemHealthCheck
  Contract address:    0x0f908b9e910492958c6eaa269002aaf6ae8f11bf
  Transaction:         0xf26a38bcc6c7840088a598fcea5339842ef9e57fc29bb0470c986767a14a2b62
  From:                0xfe3b557e8fb62b89f4916b721be55ceb828dbd73
  Value:               0 ETH
  Gas used:            1508653 of 16777216
  Block #56:           0x2a3696acdd695d5853fa1d1cdfc08a792bbc1ab158d753584a94896f232301be

[32meth_getTransactionByHash[0m
[32meth_getTransactionReceipt[0m
